Using pre-set license
Built from '2020.3/release' branch; Version is '2020.3.15f2 (6cf78cb77498) revision 7141260'; Using compiler version '192528614'; Build Type 'Release'
OS: 'Windows 10 Home; OS build 22000.493; Version 2009; 64bit' Language: 'ja' Physical Memory: 5951 MB
BatchMode: 1, IsHumanControllingUs: 0, StartBugReporterOnCrash: 0, Is64bit: 1, IsPro: 0

 COMMAND LINE ARGUMENTS:
C:\Program Files\Unity\Hub\Editor\2020.3.15f2\Editor\Unity.exe
-adb2
-batchMode
-noUpm
-name
AssetImportWorker0
-projectPath
C:/Users/sr095/OneDrive/デスクトップ/HOKOU/unity/fast_creation
-logFile
Logs/AssetImportWorker0.log
-srvPort
57281
Successfully changed project path to: C:/Users/sr095/OneDrive/デスクトップ/HOKOU/unity/fast_creation
C:/Users/sr095/OneDrive/デスクトップ/HOKOU/unity/fast_creation
Using Asset Import Pipeline V2.
Refreshing native plugins compatible for Editor in 56.37 ms, found 3 plugins.
Preloading 0 native plugins for Editor in 0.00 ms.
Initialize engine version: 2020.3.15f2 (6cf78cb77498)
[Subsystems] Discovering subsystems at path C:/Program Files/Unity/Hub/Editor/2020.3.15f2/Editor/Data/Resources/UnitySubsystems
[Subsystems] Discovering subsystems at path C:/Users/sr095/OneDrive/デスクトップ/HOKOU/unity/fast_creation/Assets
GfxDevice: creating device client; threaded=0
Direct3D:
    Version:  Direct3D 11.0 [level 11.1]
    Renderer: AMD Radeon(TM) Vega 6 Graphics (ID=0x15d8)
    Vendor:   
    VRAM:     2975 MB
    Driver:   30.0.13020.4
Initialize mono
Mono path[0] = 'C:/Program Files/Unity/Hub/Editor/2020.3.15f2/Editor/Data/Managed'
Mono path[1] = 'C:/Program Files/Unity/Hub/Editor/2020.3.15f2/Editor/Data/MonoBleedingEdge/lib/mono/unityjit'
Mono config path = 'C:/Program Files/Unity/Hub/Editor/2020.3.15f2/Editor/Data/MonoBleedingEdge/etc'
Using monoOptions --debugger-agent=transport=dt_socket,embedding=1,server=y,suspend=n,address=127.0.0.1:56632
Begin MonoManager ReloadAssembly
Registering precompiled unity dll's ...
Register platform support module: C:/Program Files/Unity/Hub/Editor/2020.3.15f2/Editor/Data/PlaybackEngines/WindowsStandaloneSupport/UnityEditor.WindowsStandalone.Extensions.dll
Registered in 0.003565 seconds.
Native extension for WindowsStandalone target not found
Refreshing native plugins compatible for Editor in 60.52 ms, found 3 plugins.
Preloading 0 native plugins for Editor in 0.00 ms.
Mono: successfully reloaded assembly
- Completed reload, in  1.635 seconds
Domain Reload Profiling:
	ReloadAssembly (1635ms)
		BeginReloadAssembly (80ms)
			ExecutionOrderSort (0ms)
			DisableScriptedObjects (0ms)
			BackupInstance (0ms)
			ReleaseScriptingObjects (0ms)
			CreateAndSetChildDomain (1ms)
		EndReloadAssembly (570ms)
			LoadAssemblies (76ms)
			RebuildTransferFunctionScriptingTraits (0ms)
			SetupTypeCache (203ms)
			ReleaseScriptCaches (0ms)
			RebuildScriptCaches (38ms)
			SetupLoadedEditorAssemblies (231ms)
				LogAssemblyErrors (0ms)
				InitializePlatformSupportModulesInManaged (5ms)
				SetLoadedEditorAssemblies (0ms)
				RefreshPlugins (61ms)
				BeforeProcessingInitializeOnLoad (10ms)
				ProcessInitializeOnLoadAttributes (114ms)
				ProcessInitializeOnLoadMethodAttributes (41ms)
				AfterProcessingInitializeOnLoad (0ms)
				EditorAssembliesLoaded (0ms)
			ExecutionOrderSort2 (0ms)
			AwakeInstancesAfterBackupRestoration (0ms)
Platform modules already initialized, skipping
Registering precompiled user dll's ...
Registered in 0.006179 seconds.
Begin MonoManager ReloadAssembly
Native extension for WindowsStandalone target not found
Refreshing native plugins compatible for Editor in 60.61 ms, found 3 plugins.
Preloading 0 native plugins for Editor in 0.00 ms.
Mono: successfully reloaded assembly
- Completed reload, in  1.825 seconds
Domain Reload Profiling:
	ReloadAssembly (1826ms)
		BeginReloadAssembly (228ms)
			ExecutionOrderSort (0ms)
			DisableScriptedObjects (7ms)
			BackupInstance (0ms)
			ReleaseScriptingObjects (0ms)
			CreateAndSetChildDomain (24ms)
		EndReloadAssembly (1506ms)
			LoadAssemblies (150ms)
			RebuildTransferFunctionScriptingTraits (0ms)
			SetupTypeCache (406ms)
			ReleaseScriptCaches (1ms)
			RebuildScriptCaches (71ms)
			SetupLoadedEditorAssemblies (706ms)
				LogAssemblyErrors (0ms)
				InitializePlatformSupportModulesInManaged (5ms)
				SetLoadedEditorAssemblies (0ms)
				RefreshPlugins (61ms)
				BeforeProcessingInitializeOnLoad (90ms)
				ProcessInitializeOnLoadAttributes (520ms)
				ProcessInitializeOnLoadMethodAttributes (21ms)
				AfterProcessingInitializeOnLoad (10ms)
				EditorAssembliesLoaded (0ms)
			ExecutionOrderSort2 (0ms)
			AwakeInstancesAfterBackupRestoration (9ms)
Platform modules already initialized, skipping
========================================================================
Worker process is ready to serve import requests
Launched and connected shader compiler UnityShaderCompiler.exe after 0.06 seconds
Refreshing native plugins compatible for Editor in 0.57 ms, found 3 plugins.
Preloading 0 native plugins for Editor in 0.00 ms.
Unloading 2091 Unused Serialized files (Serialized files now loaded: 0)
System memory in use before: 93.2 MB.
System memory in use after: 93.2 MB.

Unloading 33 unused Assets to reduce memory usage. Loaded Objects now: 2524.
Total: 3.306600 ms (FindLiveObjects: 0.276300 ms CreateObjectMapping: 0.054500 ms MarkObjects: 2.793700 ms  DeleteObjects: 0.180800 ms)

AssetImportParameters requested are different than current active one (requested -> active):
  custom:framework-win-MediaFoundation: 216162199b28c13a410421893ffa2e32 -> 
  custom:video-decoder-ogg-theora: a1e56fd34408186e4bbccfd4996cb3dc -> 
  custom:container-muxer-webm: aa71ff27fc2769a1b78a27578f13a17b -> 
  custom:container-demuxer-webm: 4f35f7cbe854078d1ac9338744f61a02 -> 
  custom:container-demuxer-ogg: 62fdf1f143b41e24485cea50d1cbac27 -> 
  custom:video-encoder-webm-vp8: eb34c28f22e8b96e1ab97ce403110664 -> 
  custom:video-codec-MediaFoundation-h265: 746d11721c4dcdbdad8f713fa42b33f4 -> 
  custom:video-decoder-webm-vp8: 9c59270c3fd7afecdb556c50c9e8de78 -> 
  custom:audio-decoder-ogg-vorbis: bf7c407c2cedff20999df2af8eb42d56 -> 
  custom:audio-encoder-webm-vorbis: bf7c407c2cedff20999df2af8eb42d56 -> 
========================================================================
Received Import Request.
  path: Assets/New Physic Material.physicMaterial
  artifactKey: Guid(66fbad657a99e7d4096d7fa38db4b1a4) Importer(815301076,1909f56bfc062723c751e8b465ee728b)
Start importing Assets/New Physic Material.physicMaterial using Guid(66fbad657a99e7d4096d7fa38db4b1a4) Importer(815301076,1909f56bfc062723c751e8b465ee728b)  -> (artifact id: '2fc6acd519ac4826da2fcee4bbea2b37') in 0.038908 seconds 
  Import took 0.043402 seconds .

========================================================================
Received Import Request.
  Time since last request: 16.289394 seconds.
  path: Assets/New Material.mat
  artifactKey: Guid(112649bd9fefffb49a679ebb4397f1d2) Importer(815301076,1909f56bfc062723c751e8b465ee728b)
Start importing Assets/New Material.mat using Guid(112649bd9fefffb49a679ebb4397f1d2) Importer(815301076,1909f56bfc062723c751e8b465ee728b)  -> (artifact id: 'e09c1d70b411db27edc6f43ea59b06ac') in 0.110852 seconds 
  Import took 0.115468 seconds .

========================================================================
Received Import Request.
  Time since last request: 98.593678 seconds.
  path: Assets/Player/player
  artifactKey: Guid(c1d1676a136817640abc5ded22fbcdfb) Importer(815301076,1909f56bfc062723c751e8b465ee728b)
Start importing Assets/Player/player using Guid(c1d1676a136817640abc5ded22fbcdfb) Importer(815301076,1909f56bfc062723c751e8b465ee728b)  -> (artifact id: '90ac3f98d69cc9203d2cf061c347d745') in 0.034646 seconds 
  Import took 0.039631 seconds .

========================================================================
Received Import Request.
  Time since last request: 0.584554 seconds.
  path: Assets/Player/player/player_clear.png
  artifactKey: Guid(849f57ecb8349df4dbf8c13419e25f77) Importer(815301076,1909f56bfc062723c751e8b465ee728b)
Start importing Assets/Player/player/player_clear.png using Guid(849f57ecb8349df4dbf8c13419e25f77) Importer(815301076,1909f56bfc062723c751e8b465ee728b)  -> (artifact id: '66d0e5fbd898b2ea3ea9da8877717659') in 0.051624 seconds 
  Import took 0.056057 seconds .

========================================================================
Received Import Request.
  Time since last request: 0.000220 seconds.
  path: Assets/Player/player/Player_jump1.png
  artifactKey: Guid(8b5d67aeb564ce1479b30cec97afdaf5) Importer(815301076,1909f56bfc062723c751e8b465ee728b)
Start importing Assets/Player/player/Player_jump1.png using Guid(8b5d67aeb564ce1479b30cec97afdaf5) Importer(815301076,1909f56bfc062723c751e8b465ee728b)  -> (artifact id: 'cb87fc62ebe2e2586438eb2247ac8d2e') in 0.019788 seconds 
  Import took 0.025361 seconds .

========================================================================
Received Import Request.
  Time since last request: 249.030591 seconds.
  path: Assets/Player/New Render Texture.renderTexture
  artifactKey: Guid(09d485505208fc940bb1823e49a5f784) Importer(815301076,1909f56bfc062723c751e8b465ee728b)
Start importing Assets/Player/New Render Texture.renderTexture using Guid(09d485505208fc940bb1823e49a5f784) Importer(815301076,1909f56bfc062723c751e8b465ee728b)  -> (artifact id: 'd973f2b75147a3d95232cca8a0269850') in 0.017990 seconds 
  Import took 0.023669 seconds .

========================================================================
Received Import Request.
  Time since last request: 0.001161 seconds.
  path: Assets/Player/New Render Texture.renderTexture
  artifactKey: Guid(09d485505208fc940bb1823e49a5f784) Importer(815301076,1909f56bfc062723c751e8b465ee728b)
Start importing Assets/Player/New Render Texture.renderTexture using Guid(09d485505208fc940bb1823e49a5f784) Importer(815301076,1909f56bfc062723c751e8b465ee728b)  -> (artifact id: 'd973f2b75147a3d95232cca8a0269850') in 0.018634 seconds 
  Import took 0.024427 seconds .

========================================================================
Received Import Request.
  Time since last request: 33.659335 seconds.
  path: Assets/Player/Player Animation.anim
  artifactKey: Guid(06d604a3e3450e44ea76aec5936a05fb) Importer(815301076,1909f56bfc062723c751e8b465ee728b)
Start importing Assets/Player/Player Animation.anim using Guid(06d604a3e3450e44ea76aec5936a05fb) Importer(815301076,1909f56bfc062723c751e8b465ee728b)  -> (artifact id: '16fa45532b2211f427892fea1f66b3f6') in 0.008631 seconds 
  Import took 0.012899 seconds .

========================================================================
Received Import Request.
  Time since last request: 185.883064 seconds.
  path: Assets/Player/player/Player Animation.anim
  artifactKey: Guid(06d604a3e3450e44ea76aec5936a05fb) Importer(815301076,1909f56bfc062723c751e8b465ee728b)
Start importing Assets/Player/player/Player Animation.anim using Guid(06d604a3e3450e44ea76aec5936a05fb) Importer(815301076,1909f56bfc062723c751e8b465ee728b)  -> (artifact id: '4c6112fc57012197da49d2e462a5192d') in 0.005083 seconds 
  Import took 0.009971 seconds .

========================================================================
Received Import Request.
  Time since last request: 64.458811 seconds.
  path: Assets/Player/player/PlayerAnimation.anim
  artifactKey: Guid(02252ebce25b75241b6755dd6770d2df) Importer(815301076,1909f56bfc062723c751e8b465ee728b)
Start importing Assets/Player/player/PlayerAnimation.anim using Guid(02252ebce25b75241b6755dd6770d2df) Importer(815301076,1909f56bfc062723c751e8b465ee728b)  -> (artifact id: '71e6042782c2b75b9bbd00a153677a7d') in 0.004799 seconds 
  Import took 0.009697 seconds .

AssetImportWorkerClient::OnTransportError - code=2 error=End of file
